<?xml version="1.0" encoding="UTF-8"?>
<coverage generated="1560489198071" clover="3.2.0">
  <project timestamp="1560489198071" name="All files">
    <metrics statements="3" coveredstatements="2" conditionals="0" coveredconditionals="0" methods="1" coveredmethods="0" elements="4" coveredelements="2" complexity="0" loc="3" ncloc="3" packages="1" files="1" classes="1"/>
    <file name="HelloWorld.tsx" path="C:\Users\Lenovo\Documents\WebDevelopment\monorepo\packages\common\lib\HelloWorld.tsx">
      <metrics statements="3" coveredstatements="2" conditionals="0" coveredconditionals="0" methods="1" coveredmethods="0"/>
      <line num="1" count="3" type="stmt"/>
      <line num="7" count="3" type="stmt"/>
      <line num="9" count="0" type="stmt"/>
    </file>
  </project>
</coverage>
