{"C:\\Users\\Lenovo\\Documents\\WebDevelopment\\monorepo\\packages\\common\\lib\\HelloWorld.tsx": {"path":"C:\\Users\\Lenovo\\Documents\\WebDevelopment\\monorepo\\packages\\common\\lib\\HelloWorld.tsx","statementMap":{"0":{"start":{"line":1,"column":0},"end":{"line":1,"column":31}},"1":{"start":{"line":9,"column":4},"end":{"line":19,"column":6}},"2":{"start":{"line":7,"column":0},"end":{"line":7,"column":13}}},"fnMap":{"0":{"name":"(anonymous_0)","decl":{"start":{"line":8,"column":2},"end":{"line":8,"column":8}},"loc":{"start":{"line":8,"column":8},"end":{"line":20,"column":3}}}},"branchMap":{},"s":{"0":3,"1":0,"2":3},"f":{"0":0},"b":{}}
}
